<?xml version="1.0" encoding="UTF-8"?>
<!-- Generated by org.testng.reporters.JUnitReportReporter -->
<testsuite hostname="CA-L8KK7M63" failures="0" tests="3" name="tests.BaseTest" time="25.543" errors="0" timestamp="2021-06-28T14:40:56 ADT" skipped="0">
  <testcase classname="tests.BaseTest" name="testOne" time="12.496"/>
  <system-out/>
  <testcase classname="tests.BaseTest" name="testTwo" time="12.885"/>
  <system-out/>
  <testcase classname="tests.BaseTest" name="testThree" time="0.162"/>
  <system-out/>
</testsuite> <!-- tests.BaseTest -->
